2026-04-12 10:21:09,355  INFO  Log file: /mnt/d/Ishaan-Research/Semantic-Divergence-of-DNN/Swin_Training/logs/swin_training_20260412_102109.log
2026-04-12 10:21:09,488  INFO  Device: cuda  AMP: True
2026-04-12 10:21:09,489  INFO  Data dir: /mnt/d/Ishaan-Research/Semantic-Divergence-of-DNN/ImageNet100_Training/data
2026-04-12 10:53:55,120  INFO  Log file: /mnt/d/Ishaan-Research/Semantic-Divergence-of-DNN/Swin_Training/logs/swin_training_20260412_105355.log
2026-04-12 10:53:55,178  INFO  Device: cuda  AMP: True
2026-04-12 10:53:55,179  INFO  Data dir: /mnt/d/Ishaan-Research/Semantic-Divergence-of-DNN/ImageNet100_Training/data
2026-04-12 10:53:56,979  INFO    train: 100 classes, 130000 images
2026-04-12 10:53:57,793  INFO    val: 100 classes, 4000 images
2026-04-12 10:53:58,373  INFO    test: 100 classes, 1000 images
2026-04-12 10:53:58,376  INFO  Classes: 100  Example: ['tench, Tinca tinca', 'goldfish, Carassius auratus', 'great white shark, white shark, man-eater, man-eating shark, Carcharodon carcharias', 'tiger shark, Galeocerdo cuvieri', 'hammerhead, hammerhead shark']
2026-04-12 10:53:58,384  INFO  Loading processor and datasets...
2026-04-12 10:53:59,909  INFO  HTTP Request: HEAD https://huggingface.co/microsoft/swin-base-patch4-window7-224/resolve/main/processor_config.json "HTTP/1.1 404 Not Found"
2026-04-12 10:54:00,185  INFO  HTTP Request: HEAD https://huggingface.co/microsoft/swin-base-patch4-window7-224/resolve/main/preprocessor_config.json "HTTP/1.1 307 Temporary Redirect"
2026-04-12 10:54:00,449  INFO  HTTP Request: HEAD https://huggingface.co/api/resolve-cache/models/microsoft/swin-base-patch4-window7-224/20d6c26ef6455d36c0a78671d787c5da57513d4b/preprocessor_config.json "HTTP/1.1 200 OK"
2026-04-12 10:54:00,729  INFO  HTTP Request: GET https://huggingface.co/api/resolve-cache/models/microsoft/swin-base-patch4-window7-224/20d6c26ef6455d36c0a78671d787c5da57513d4b/preprocessor_config.json "HTTP/1.1 200 OK"
2026-04-12 10:54:01,216  INFO  HTTP Request: HEAD https://huggingface.co/microsoft/swin-base-patch4-window7-224/resolve/main/processor_config.json "HTTP/1.1 404 Not Found"
2026-04-12 10:54:01,218  WARNING  Warning: You are sending unauthenticated requests to the HF Hub. Please set a HF_TOKEN to enable higher rate limits and faster downloads.
2026-04-12 10:54:01,503  INFO  HTTP Request: HEAD https://huggingface.co/microsoft/swin-base-patch4-window7-224/resolve/main/preprocessor_config.json "HTTP/1.1 307 Temporary Redirect"
2026-04-12 10:54:01,537  INFO  HTTP Request: HEAD https://huggingface.co/api/resolve-cache/models/microsoft/swin-base-patch4-window7-224/20d6c26ef6455d36c0a78671d787c5da57513d4b/preprocessor_config.json "HTTP/1.1 200 OK"
2026-04-12 10:57:45,288  INFO  Train batches: 4063  Val batches: 125
2026-04-12 10:57:45,296  INFO  Loading microsoft/swin-base-patch4-window7-224...
2026-04-12 10:57:45,779  INFO  HTTP Request: HEAD https://huggingface.co/microsoft/swin-base-patch4-window7-224/resolve/main/config.json "HTTP/1.1 307 Temporary Redirect"
2026-04-12 10:57:45,812  INFO  HTTP Request: HEAD https://huggingface.co/api/resolve-cache/models/microsoft/swin-base-patch4-window7-224/20d6c26ef6455d36c0a78671d787c5da57513d4b/config.json "HTTP/1.1 200 OK"
2026-04-12 10:57:46,082  INFO  HTTP Request: GET https://huggingface.co/api/resolve-cache/models/microsoft/swin-base-patch4-window7-224/20d6c26ef6455d36c0a78671d787c5da57513d4b/config.json "HTTP/1.1 200 OK"
2026-04-12 10:57:46,386  INFO  HTTP Request: HEAD https://huggingface.co/microsoft/swin-base-patch4-window7-224/resolve/main/model.safetensors "HTTP/1.1 302 Found"
2026-04-12 10:57:46,697  INFO  HTTP Request: GET https://huggingface.co/api/models/microsoft/swin-base-patch4-window7-224/xet-read-token/20d6c26ef6455d36c0a78671d787c5da57513d4b "HTTP/1.1 200 OK"
2026-04-12 10:57:53,088  INFO  Parameters: 86,845,724 total | 86,845,724 trainable
2026-04-12 10:57:53,109  INFO  
[Phase 1] Head-only training for 5 epochs...
2026-04-12 10:57:53,112  INFO    Frozen backbone. Trainable params: 102,500 (head only)
2026-04-12 11:03:55,124  INFO    Epoch  1/5 | train loss=0.5860 acc=0.918 | val loss=0.2934 acc=0.914
2026-04-12 11:03:56,912  INFO    Saved checkpoint: swin_base_imagenet100_best.pt  (val_acc=0.9140)
2026-04-12 11:10:01,496  INFO    Epoch  2/5 | train loss=0.1825 acc=0.944 | val loss=0.2842 acc=0.915
2026-04-12 11:10:03,233  INFO    Saved checkpoint: swin_base_imagenet100_best.pt  (val_acc=0.9150)
2026-04-12 11:16:19,355  INFO    Epoch  3/5 | train loss=0.1688 acc=0.947 | val loss=0.2840 acc=0.914
2026-04-12 11:22:29,020  INFO    Epoch  4/5 | train loss=0.1618 acc=0.949 | val loss=0.2839 acc=0.916
2026-04-12 11:22:30,872  INFO    Saved checkpoint: swin_base_imagenet100_best.pt  (val_acc=0.9157)
2026-04-12 11:28:47,987  INFO    Epoch  5/5 | train loss=0.1582 acc=0.950 | val loss=0.2841 acc=0.915
2026-04-12 11:28:47,998  INFO  
[Phase 2] Full fine-tuning for 15 epochs...
2026-04-12 11:28:48,002  INFO    Unfrozen. Trainable params: 86,845,724
2026-04-12 11:44:29,158  INFO    Epoch  6/20 | train loss=0.1690 acc=0.946 | val loss=0.3213 acc=0.906
2026-04-12 12:00:14,102  INFO    Epoch  7/20 | train loss=0.1159 acc=0.963 | val loss=0.3773 acc=0.904
2026-04-12 12:16:07,622  INFO    Epoch  8/20 | train loss=0.0801 acc=0.974 | val loss=0.4404 acc=0.900
2026-04-12 12:32:08,964  INFO    Epoch  9/20 | train loss=0.0573 acc=0.982 | val loss=0.4788 acc=0.901
2026-04-12 12:47:46,914  INFO    Epoch 10/20 | train loss=0.0427 acc=0.987 | val loss=0.5341 acc=0.897
2026-04-12 13:03:15,583  INFO    Epoch 11/20 | train loss=0.0331 acc=0.990 | val loss=0.5971 acc=0.898
2026-04-12 13:18:58,115  INFO    Epoch 12/20 | train loss=0.0284 acc=0.991 | val loss=0.6191 acc=0.894
2026-04-12 13:34:53,183  INFO    Epoch 13/20 | train loss=0.0237 acc=0.992 | val loss=0.6329 acc=0.901
2026-04-12 13:50:37,809  INFO    Epoch 14/20 | train loss=0.0214 acc=0.993 | val loss=0.6256 acc=0.903
2026-04-12 14:06:16,328  INFO    Epoch 15/20 | train loss=0.0183 acc=0.993 | val loss=0.6327 acc=0.905
2026-04-12 14:21:51,993  INFO    Epoch 16/20 | train loss=0.0157 acc=0.993 | val loss=0.6663 acc=0.903
2026-04-12 14:37:35,866  INFO    Epoch 17/20 | train loss=0.0137 acc=0.994 | val loss=0.6758 acc=0.902
2026-04-12 14:53:24,764  INFO    Epoch 18/20 | train loss=0.0124 acc=0.994 | val loss=0.6753 acc=0.905
2026-04-12 15:08:50,237  INFO    Epoch 19/20 | train loss=0.0118 acc=0.994 | val loss=0.7023 acc=0.901
2026-04-12 15:24:03,379  INFO    Epoch 20/20 | train loss=0.0108 acc=0.994 | val loss=0.7138 acc=0.903
2026-04-12 15:24:05,495  INFO  Final checkpoint saved: /mnt/d/Ishaan-Research/Semantic-Divergence-of-DNN/Swin_Training/checkpoints/swin_base_imagenet100_final.pt
2026-04-12 15:24:05,497  INFO  Best val accuracy: 0.9157
2026-04-12 15:24:06,772  INFO  Training curves saved.
2026-04-12 15:24:06,780  INFO  
Loading best checkpoint for test evaluation...
2026-04-12 15:24:13,032  INFO  Test accuracy:    0.9030
2026-04-12 15:24:13,033  INFO  Mean confidence:  0.9298
2026-04-12 15:24:13,034  INFO  Total samples:    1000
2026-04-12 15:24:13,045  INFO  Clean baseline saved: /mnt/d/Ishaan-Research/Semantic-Divergence-of-DNN/Swin_Training/clean_baselines/swin_base_clean.json
