2026-04-12 18:33:48,166  INFO  Log: /mnt/d/Ishaan-Research/Semantic-Divergence-of-DNN/Swin_Training/logs/swin_genai_attacks_20260412_183348.log
2026-04-12 18:33:48,274  INFO  Device: cuda  Samples: 100
2026-04-12 18:33:48,823  INFO  HTTP Request: HEAD https://huggingface.co/microsoft/swin-base-patch4-window7-224/resolve/main/processor_config.json "HTTP/1.1 404 Not Found"
2026-04-12 18:33:48,825  WARNING  Warning: You are sending unauthenticated requests to the HF Hub. Please set a HF_TOKEN to enable higher rate limits and faster downloads.
2026-04-12 18:33:49,125  INFO  HTTP Request: HEAD https://huggingface.co/microsoft/swin-base-patch4-window7-224/resolve/main/preprocessor_config.json "HTTP/1.1 307 Temporary Redirect"
2026-04-12 18:33:49,174  INFO  HTTP Request: HEAD https://huggingface.co/api/resolve-cache/models/microsoft/swin-base-patch4-window7-224/20d6c26ef6455d36c0a78671d787c5da57513d4b/preprocessor_config.json "HTTP/1.1 200 OK"
2026-04-12 18:33:49,667  INFO  HTTP Request: HEAD https://huggingface.co/microsoft/swin-base-patch4-window7-224/resolve/main/processor_config.json "HTTP/1.1 404 Not Found"
2026-04-12 18:33:49,962  INFO  HTTP Request: HEAD https://huggingface.co/microsoft/swin-base-patch4-window7-224/resolve/main/preprocessor_config.json "HTTP/1.1 307 Temporary Redirect"
2026-04-12 18:33:50,010  INFO  HTTP Request: HEAD https://huggingface.co/api/resolve-cache/models/microsoft/swin-base-patch4-window7-224/20d6c26ef6455d36c0a78671d787c5da57513d4b/preprocessor_config.json "HTTP/1.1 200 OK"
2026-04-12 18:33:52,107  INFO  Test subset: 100 samples
2026-04-12 18:33:52,420  INFO  HTTP Request: HEAD https://huggingface.co/microsoft/swin-base-patch4-window7-224/resolve/main/config.json "HTTP/1.1 307 Temporary Redirect"
2026-04-12 18:33:52,468  INFO  HTTP Request: HEAD https://huggingface.co/api/resolve-cache/models/microsoft/swin-base-patch4-window7-224/20d6c26ef6455d36c0a78671d787c5da57513d4b/config.json "HTTP/1.1 200 OK"
2026-04-12 18:33:52,798  INFO  HTTP Request: HEAD https://huggingface.co/microsoft/swin-base-patch4-window7-224/resolve/main/model.safetensors "HTTP/1.1 302 Found"
2026-04-12 18:33:56,784  INFO  Loaded checkpoint (val_acc=0.9157)
2026-04-12 18:33:56,793  INFO  Precomputing test features...
2026-04-12 18:33:59,281  INFO  Precomputed features for 100 samples.
2026-04-12 18:33:59,291  INFO  Computing class prototypes from training data...
2026-04-12 18:45:11,550  INFO  Saved class prototypes: /mnt/d/Ishaan-Research/Semantic-Divergence-of-DNN/Swin_Training/genai_results/.checkpoints/class_prototypes.npy
2026-04-12 18:45:11,552  INFO  Class prototypes shape: (100, 1024)
2026-04-12 18:45:11,582  INFO  
[0] Inversion Quality Validation...
2026-04-12 18:46:56,722  INFO    Checkpoint saved: inversion_quality.json
2026-04-12 18:46:56,723  INFO    Inversion quality — mean cosine sim: 0.9350  mean pixel MSE: 0.003860
2026-04-12 18:46:56,735  INFO  
[1] Latent Interpolation Attack...
2026-04-12 18:48:36,125  INFO    Latent interp: 10/100
2026-04-12 18:49:17,159  INFO    Latent interp: 20/100
2026-04-12 18:50:07,064  INFO    Latent interp: 30/100
2026-04-12 18:50:47,725  INFO    Latent interp: 40/100
2026-04-12 18:51:30,408  INFO    Latent interp: 50/100
2026-04-12 18:52:31,357  INFO    Latent interp: 60/100
2026-04-12 18:53:37,077  INFO    Latent interp: 70/100
2026-04-12 18:55:09,739  INFO    Latent interp: 80/100
2026-04-12 18:56:36,362  INFO    Latent interp: 90/100
2026-04-12 18:57:06,352  INFO    Latent interp: 100/100
2026-04-12 18:57:06,360  INFO    Checkpoint saved: latent_interp_results.json
2026-04-12 18:57:06,362  INFO    Latent Interp α=0.25: fooling_rate=0.090
2026-04-12 18:57:06,362  INFO    Latent Interp α=0.5: fooling_rate=0.140
2026-04-12 18:57:06,363  INFO    Latent Interp α=0.75: fooling_rate=0.380
2026-04-12 18:57:06,364  INFO    Latent Interp α=1.0: fooling_rate=0.630
2026-04-12 18:57:06,376  INFO  
[2] AdaIN Style Transfer Attack...
2026-04-12 18:58:33,916  INFO    Style transfer: 10/100
2026-04-12 18:58:51,738  INFO    Style transfer: 20/100
2026-04-12 18:59:27,661  INFO    Style transfer: 30/100
2026-04-12 18:59:55,610  INFO    Style transfer: 40/100
2026-04-12 19:00:13,848  INFO    Style transfer: 50/100
2026-04-12 19:00:41,671  INFO    Style transfer: 60/100
2026-04-12 19:01:22,533  INFO    Style transfer: 70/100
2026-04-12 19:02:30,923  INFO    Style transfer: 80/100
2026-04-12 19:03:50,771  INFO    Style transfer: 90/100
2026-04-12 19:04:08,588  INFO    Style transfer: 100/100
2026-04-12 19:04:08,592  INFO    Checkpoint saved: style_transfer_results.json
2026-04-12 19:04:08,594  INFO    Style Transfer fooling rate: 0.500
2026-04-12 19:04:08,607  INFO  
[3] Prototype Shift Attack...
2026-04-12 19:05:25,883  INFO    Proto shift: 10/100
2026-04-12 19:06:06,203  INFO    Proto shift: 20/100
2026-04-12 19:06:56,721  INFO    Proto shift: 30/100
2026-04-12 19:07:35,501  INFO    Proto shift: 40/100
2026-04-12 19:08:15,679  INFO    Proto shift: 50/100
2026-04-12 19:09:10,513  INFO    Proto shift: 60/100
2026-04-12 19:09:54,962  INFO    Proto shift: 70/100
2026-04-12 19:11:07,104  INFO    Proto shift: 80/100
2026-04-12 19:12:32,821  INFO    Proto shift: 90/100
2026-04-12 19:12:57,087  INFO    Proto shift: 100/100
2026-04-12 19:12:57,094  INFO    Checkpoint saved: proto_shift_results.json
2026-04-12 19:12:57,095  INFO    Proto Shift λ=0.5: fooling_rate=0.100
2026-04-12 19:12:57,096  INFO    Proto Shift λ=1.0: fooling_rate=0.080
2026-04-12 19:12:57,097  INFO    Proto Shift λ=2.0: fooling_rate=0.100
2026-04-12 19:12:57,110  INFO  
[Control] Same-Class Prototype Shift...
2026-04-12 19:14:37,025  INFO    Same-class control: 10/100
2026-04-12 19:15:20,556  INFO    Same-class control: 20/100
2026-04-12 19:16:10,856  INFO    Same-class control: 30/100
2026-04-12 19:16:58,294  INFO    Same-class control: 40/100
2026-04-12 19:17:40,583  INFO    Same-class control: 50/100
2026-04-12 19:18:33,291  INFO    Same-class control: 60/100
2026-04-12 19:19:39,796  INFO    Same-class control: 70/100
2026-04-12 19:21:05,783  INFO    Same-class control: 80/100
2026-04-12 19:22:29,100  INFO    Same-class control: 90/100
2026-04-12 19:22:52,455  INFO    Same-class control: 100/100
2026-04-12 19:22:52,462  INFO    Checkpoint saved: proto_shift_control.json
2026-04-12 19:22:52,463  INFO    Same-Class Control λ=0.5: fooling_rate=0.130 (expected ~0)
2026-04-12 19:22:52,464  INFO    Same-Class Control λ=1.0: fooling_rate=0.080 (expected ~0)
2026-04-12 19:22:52,465  INFO    Same-Class Control λ=2.0: fooling_rate=0.070 (expected ~0)
2026-04-12 19:22:52,479  INFO  
[4] Diffusion Attack...
2026-04-12 19:24:25,043  INFO    Diffusion σ=0.05 steps=5: fooling_rate=0.080
2026-04-12 19:27:12,281  INFO    Diffusion σ=0.05 steps=10: fooling_rate=0.100
2026-04-12 19:32:39,316  INFO    Diffusion σ=0.05 steps=20: fooling_rate=0.080
2026-04-12 19:46:15,425  INFO    Diffusion σ=0.05 steps=50: fooling_rate=0.120
2026-04-12 19:47:45,092  INFO    Diffusion σ=0.1 steps=5: fooling_rate=0.100
2026-04-12 19:50:34,858  INFO    Diffusion σ=0.1 steps=10: fooling_rate=0.120
2026-04-12 19:56:04,183  INFO    Diffusion σ=0.1 steps=20: fooling_rate=0.110
2026-04-12 20:09:40,153  INFO    Diffusion σ=0.1 steps=50: fooling_rate=0.120
2026-04-12 20:11:11,296  INFO    Diffusion σ=0.2 steps=5: fooling_rate=0.140
2026-04-12 20:14:01,129  INFO    Diffusion σ=0.2 steps=10: fooling_rate=0.150
2026-04-12 20:19:25,382  INFO    Diffusion σ=0.2 steps=20: fooling_rate=0.170
2026-04-12 20:32:45,569  INFO    Diffusion σ=0.2 steps=50: fooling_rate=0.180
2026-04-12 20:34:16,026  INFO    Diffusion σ=0.4 steps=5: fooling_rate=0.510
2026-04-12 20:37:03,883  INFO    Diffusion σ=0.4 steps=10: fooling_rate=0.540
2026-04-12 20:42:30,195  INFO    Diffusion σ=0.4 steps=20: fooling_rate=0.490
2026-04-12 20:55:46,347  INFO    Diffusion σ=0.4 steps=50: fooling_rate=0.510
2026-04-12 20:55:46,369  INFO    Checkpoint saved: diffusion_results.json
2026-04-12 20:55:46,383  INFO  
[5] Sigma Sensitivity Analysis...
2026-04-12 20:57:16,380  INFO    Sensitivity σ=0.02 steps=5: fooling=0.080
2026-04-12 21:00:06,849  INFO    Sensitivity σ=0.02 steps=10: fooling=0.070
2026-04-12 21:05:32,883  INFO    Sensitivity σ=0.02 steps=20: fooling=0.070
2026-04-12 21:07:02,893  INFO    Sensitivity σ=0.05 steps=5: fooling=0.100
2026-04-12 21:09:51,713  INFO    Sensitivity σ=0.05 steps=10: fooling=0.090
2026-04-12 21:15:16,599  INFO    Sensitivity σ=0.05 steps=20: fooling=0.100
2026-04-12 21:16:45,843  INFO    Sensitivity σ=0.1 steps=5: fooling=0.100
2026-04-12 21:19:34,534  INFO    Sensitivity σ=0.1 steps=10: fooling=0.100
2026-04-12 21:25:03,305  INFO    Sensitivity σ=0.1 steps=20: fooling=0.080
2026-04-12 21:26:33,033  INFO    Sensitivity σ=0.2 steps=5: fooling=0.130
2026-04-12 21:29:20,387  INFO    Sensitivity σ=0.2 steps=10: fooling=0.130
2026-04-12 21:34:51,224  INFO    Sensitivity σ=0.2 steps=20: fooling=0.190
2026-04-12 21:36:20,920  INFO    Sensitivity σ=0.3 steps=5: fooling=0.310
2026-04-12 21:39:09,839  INFO    Sensitivity σ=0.3 steps=10: fooling=0.310
2026-04-12 21:44:36,290  INFO    Sensitivity σ=0.3 steps=20: fooling=0.300
2026-04-12 21:46:05,735  INFO    Sensitivity σ=0.4 steps=5: fooling=0.490
2026-04-12 21:48:54,086  INFO    Sensitivity σ=0.4 steps=10: fooling=0.540
2026-04-12 21:54:20,054  INFO    Sensitivity σ=0.4 steps=20: fooling=0.540
2026-04-12 21:54:20,058  INFO    Checkpoint saved: sigma_sensitivity.json
2026-04-12 21:54:21,628  INFO  Summary figure saved.
2026-04-12 21:54:21,640  INFO  Genai SSS (Proto Shift λ=2.0): 0.7648
2026-04-12 21:54:21,685  INFO  All results saved.
